2017-05-09 14:24:14,190  INFO   [scheduler] la simulazione sta per iniziare all'ora 9/5/2017 ora 14:24:14 
2017-05-09 15:21:08,030  INFO   [scheduler] la simulazione sta per iniziare all'ora 9/5/2017 ora 15:21:8 
2017-05-09 15:27:01,855  INFO   [scheduler] la simulazione sta per iniziare all'ora 9/5/2017 ora 15:27:1 
2017-05-09 15:29:22,160  INFO   [scheduler] la simulazione sta per iniziare all'ora 9/5/2017 ora 15:29:22 
2017-05-10 17:15:34,522  INFO   [scheduler] la simulazione sta per iniziare all'ora 10/5/2017 ora 17:15:34 
2017-05-10 17:25:48,615  INFO   [scheduler] la simulazione sta per iniziare all'ora 10/5/2017 ora 17:25:48 
2017-05-10 17:26:51,263  INFO   [scheduler] la simulazione sta per iniziare all'ora 10/5/2017 ora 17:26:51 
2017-05-10 18:15:36,656  INFO   [scheduler] la simulazione sta per iniziare all'ora 10/5/2017 ora 18:15:36 
2017-05-10 18:16:08,141  INFO   [scheduler] la simulazione sta per iniziare all'ora 10/5/2017 ora 18:16:8 
2017-05-10 18:52:32,372  INFO   [scheduler] la simulazione sta per iniziare all'ora 10/5/2017 ora 18:52:32 
2017-05-10 19:55:37,449  INFO   [scheduler] la simulazione sta per iniziare all'ora 10/5/2017 ora 19:55:37 
2017-05-10 19:57:20,181  INFO   [scheduler] la simulazione sta per iniziare all'ora 10/5/2017 ora 19:57:20 
2017-05-10 19:58:42,432  INFO   [scheduler] la simulazione sta per iniziare all'ora 10/5/2017 ora 19:58:42 
2017-05-10 20:00:01,347  INFO   [scheduler] la simulazione sta per iniziare all'ora 10/5/2017 ora 20:0:1 
2017-05-10 20:01:58,095  INFO   [scheduler] la simulazione sta per iniziare all'ora 10/5/2017 ora 20:1:58 
2017-05-10 20:02:59,840  INFO   [scheduler] la simulazione sta per iniziare all'ora 10/5/2017 ora 20:2:59 
2017-05-11 14:16:05,579  INFO   [scheduler] la simulazione sta per iniziare all'ora 11/5/2017 ora 14:16:5 
2017-05-11 14:20:21,556  INFO   [scheduler] la simulazione sta per iniziare all'ora 11/5/2017 ora 14:20:21 
2017-05-11 14:25:18,427  INFO   [scheduler] la simulazione sta per iniziare all'ora 11/5/2017 ora 14:25:18 
2017-05-11 14:45:45,223  INFO   [scheduler] la simulazione sta per iniziare all'ora 11/5/2017 ora 14:45:45 
2017-05-11 14:56:39,225  INFO   [scheduler] la simulazione sta per iniziare all'ora 11/5/2017 ora 14:56:39 
2017-05-11 14:59:16,270  INFO   [scheduler] la simulazione sta per iniziare all'ora 11/5/2017 ora 14:59:16 
2017-05-11 14:59:46,441  INFO   [scheduler] la simulazione sta per iniziare all'ora 11/5/2017 ora 14:59:46 
2017-05-11 19:21:55,039  INFO   [scheduler] la simulazione sta per iniziare all'ora 11/5/2017 ora 19:21:55 
2017-05-11 19:25:09,740  INFO   [scheduler] la simulazione sta per iniziare all'ora 11/5/2017 ora 19:25:9 
2017-05-11 21:15:04,897  INFO   [scheduler] la simulazione sta per iniziare all'ora 11/5/2017 ora 21:15:4 
2017-05-11 21:17:58,384  INFO   [scheduler] la simulazione sta per iniziare all'ora 11/5/2017 ora 21:17:58 
2017-05-11 21:27:40,722  INFO   [scheduler] la simulazione sta per iniziare all'ora 11/5/2017 ora 21:27:40 
2017-05-11 21:35:21,423  INFO   [scheduler] la simulazione sta per iniziare all'ora 11/5/2017 ora 21:35:21 
2017-05-11 22:20:26,276  INFO   [scheduler] la simulazione sta per iniziare all'ora 11/5/2017 ora 22:20:26 
2017-05-11 22:45:00,714  INFO   [scheduler] la simulazione sta per iniziare all'ora 11/5/2017 ora 22:45:0 
2017-05-12 08:32:59,109  INFO   [scheduler] la simulazione sta per iniziare all'ora 12/5/2017 ora 8:32:59 
2017-05-12 08:35:45,466  INFO   [scheduler] la simulazione sta per iniziare all'ora 12/5/2017 ora 8:35:45 
2017-05-12 08:38:08,955  INFO   [scheduler] la simulazione sta per iniziare all'ora 12/5/2017 ora 8:38:8 
2017-05-12 08:39:59,622  INFO   [scheduler] la simulazione sta per iniziare all'ora 12/5/2017 ora 8:39:59 
2017-05-12 19:36:17,917  INFO   [scheduler] la simulazione sta per iniziare all'ora 12/5/2017 ora 19:36:17 
2017-05-15 18:40:21,166  INFO   [scheduler] la simulazione sta per iniziare all'ora 15/5/2017 ora 18:40:21 
2017-05-15 18:41:34,086  INFO   [scheduler] la simulazione sta per iniziare all'ora 15/5/2017 ora 18:41:34 
2017-05-15 18:44:04,079  INFO   [scheduler] la simulazione sta per iniziare all'ora 15/5/2017 ora 18:44:4 
2017-05-15 18:44:42,942  INFO   [scheduler] la simulazione sta per iniziare all'ora 15/5/2017 ora 18:44:42 
2017-05-15 18:46:14,981  INFO   [scheduler] la simulazione sta per iniziare all'ora 15/5/2017 ora 18:46:14 
2017-05-15 18:46:36,036  INFO   [scheduler] la simulazione sta per iniziare all'ora 15/5/2017 ora 18:46:36 
2017-05-15 18:47:10,325  INFO   [scheduler] la simulazione sta per iniziare all'ora 15/5/2017 ora 18:47:10 
2017-05-15 18:49:15,631  INFO   [scheduler] la simulazione sta per iniziare all'ora 15/5/2017 ora 18:49:15 
2017-05-15 18:51:39,526  INFO   [scheduler] la simulazione sta per iniziare all'ora 15/5/2017 ora 18:51:39 
2017-05-15 18:56:39,785  INFO   [scheduler] la simulazione sta per iniziare all'ora 15/5/2017 ora 18:56:39 
2017-05-15 19:00:22,814  INFO   [scheduler] la simulazione sta per iniziare all'ora 15/5/2017 ora 19:0:22 
2017-05-15 19:01:59,559  INFO   [scheduler] la simulazione sta per iniziare all'ora 15/5/2017 ora 19:1:59 
2017-05-15 19:02:10,884  INFO   [scheduler] la simulazione sta per iniziare all'ora 15/5/2017 ora 19:2:10 
2017-05-15 19:04:01,899  INFO   [scheduler] la simulazione sta per iniziare all'ora 15/5/2017 ora 19:4:1 
2017-05-15 19:11:19,207  INFO   [scheduler] la simulazione sta per iniziare all'ora 15/5/2017 ora 19:11:19 
2017-05-15 19:14:09,730  INFO   [scheduler] la simulazione sta per iniziare all'ora 15/5/2017 ora 19:14:9 
2017-05-15 19:16:24,892  INFO   [scheduler] la simulazione sta per iniziare all'ora 15/5/2017 ora 19:16:24 
2017-05-15 19:16:25,491  INFO   [waveNetLayer] statistiche del network layer 
2017-05-15 19:16:25,491  INFO   [waveNetLayer] 
--->Statistiche network Layer
Tipo Nodo nodo_host
Id del Nodo 1000
Numero di pacchetti totali gestiti (Nr) :24.0
Numero di pacchetti prt gestiti (Nr) :24
Numero di pacchetti dati gestiti (Nr) :0
Percentuale di OverHead (%) :100.0
Delay medio pkt protocollo (ms) :0.0 
2017-05-15 19:16:25,491  INFO   [waveNetLayer] statistiche del network layer 
2017-05-15 19:16:25,491  INFO   [waveNetLayer] 
--->Statistiche network Layer
Tipo Nodo nodo_host
Id del Nodo 1001
Numero di pacchetti totali gestiti (Nr) :24.0
Numero di pacchetti prt gestiti (Nr) :24
Numero di pacchetti dati gestiti (Nr) :0
Percentuale di OverHead (%) :100.0
Delay medio pkt protocollo (ms) :0.0 
2017-05-15 19:16:25,491  INFO   [scheduler] la simulazione è terminata il : 15/5/2017 ora 19:16:25 
2017-05-15 19:17:10,159  INFO   [scheduler] la simulazione sta per iniziare all'ora 15/5/2017 ora 19:17:10 
2017-05-15 19:17:10,914  INFO   [waveNetLayer] statistiche del network layer 
2017-05-15 19:17:10,914  INFO   [waveNetLayer] 
--->Statistiche network Layer
Tipo Nodo nodo_host
Id del Nodo 1000
Numero di pacchetti totali gestiti (Nr) :24.0
Numero di pacchetti prt gestiti (Nr) :24
Numero di pacchetti dati gestiti (Nr) :0
Percentuale di OverHead (%) :100.0
Delay medio pkt protocollo (ms) :0.0 
2017-05-15 19:17:10,914  INFO   [waveNetLayer] statistiche del network layer 
2017-05-15 19:17:10,914  INFO   [waveNetLayer] 
--->Statistiche network Layer
Tipo Nodo nodo_host
Id del Nodo 1001
Numero di pacchetti totali gestiti (Nr) :24.0
Numero di pacchetti prt gestiti (Nr) :24
Numero di pacchetti dati gestiti (Nr) :0
Percentuale di OverHead (%) :100.0
Delay medio pkt protocollo (ms) :0.0 
2017-05-15 19:17:10,914  INFO   [scheduler] la simulazione è terminata il : 15/5/2017 ora 19:17:10 
2017-05-15 19:17:38,815  INFO   [scheduler] la simulazione sta per iniziare all'ora 15/5/2017 ora 19:17:38 
2017-05-15 19:18:11,365  INFO   [scheduler] la simulazione sta per iniziare all'ora 15/5/2017 ora 19:18:11 
2017-05-15 19:20:55,749  INFO   [scheduler] la simulazione sta per iniziare all'ora 15/5/2017 ora 19:20:55 
2017-05-15 19:21:58,588  INFO   [scheduler] la simulazione sta per iniziare all'ora 15/5/2017 ora 19:21:58 
2017-05-15 19:22:38,502  INFO   [scheduler] la simulazione sta per iniziare all'ora 15/5/2017 ora 19:22:38 
2017-05-15 19:26:36,619  INFO   [scheduler] la simulazione sta per iniziare all'ora 15/5/2017 ora 19:26:36 
2017-05-15 19:29:59,686  INFO   [scheduler] la simulazione sta per iniziare all'ora 15/5/2017 ora 19:29:59 
2017-05-15 19:30:28,848  INFO   [scheduler] la simulazione sta per iniziare all'ora 15/5/2017 ora 19:30:28 
2017-05-15 19:31:36,249  INFO   [scheduler] la simulazione sta per iniziare all'ora 15/5/2017 ora 19:31:36 
2017-05-15 19:32:30,982  INFO   [scheduler] la simulazione sta per iniziare all'ora 15/5/2017 ora 19:32:30 
2017-05-15 19:33:56,975  INFO   [scheduler] la simulazione sta per iniziare all'ora 15/5/2017 ora 19:33:56 
2017-05-15 19:34:21,873  INFO   [waveNetLayer] statistiche del network layer 
2017-05-15 19:34:21,874  INFO   [waveNetLayer] 
--->Statistiche network Layer
Tipo Nodo nodo_host
Id del Nodo 1000
Numero di pacchetti totali gestiti (Nr) :96.0
Numero di pacchetti prt gestiti (Nr) :96
Numero di pacchetti dati gestiti (Nr) :0
Percentuale di OverHead (%) :100.0
Delay medio pkt protocollo (ms) :0.0 
2017-05-15 19:34:21,874  INFO   [waveNetLayer] statistiche del network layer 
2017-05-15 19:34:21,874  INFO   [waveNetLayer] 
--->Statistiche network Layer
Tipo Nodo nodo_host
Id del Nodo 1001
Numero di pacchetti totali gestiti (Nr) :121.0
Numero di pacchetti prt gestiti (Nr) :121
Numero di pacchetti dati gestiti (Nr) :0
Percentuale di OverHead (%) :100.0
Delay medio pkt protocollo (ms) :0.0 
2017-05-15 19:34:21,874  INFO   [waveNetLayer] statistiche del network layer 
2017-05-15 19:34:21,874  INFO   [waveNetLayer] 
--->Statistiche network Layer
Tipo Nodo nodo_host
Id del Nodo 1002
Numero di pacchetti totali gestiti (Nr) :128.0
Numero di pacchetti prt gestiti (Nr) :128
Numero di pacchetti dati gestiti (Nr) :0
Percentuale di OverHead (%) :100.0
Delay medio pkt protocollo (ms) :0.0 
2017-05-15 19:34:21,874  INFO   [waveNetLayer] statistiche del network layer 
2017-05-15 19:34:21,874  INFO   [waveNetLayer] 
--->Statistiche network Layer
Tipo Nodo nodo_host
Id del Nodo 1003
Numero di pacchetti totali gestiti (Nr) :133.0
Numero di pacchetti prt gestiti (Nr) :133
Numero di pacchetti dati gestiti (Nr) :0
Percentuale di OverHead (%) :100.0
Delay medio pkt protocollo (ms) :0.0 
2017-05-15 19:34:21,874  INFO   [waveNetLayer] statistiche del network layer 
2017-05-15 19:34:21,874  INFO   [waveNetLayer] 
--->Statistiche network Layer
Tipo Nodo nodo_host
Id del Nodo 1004
Numero di pacchetti totali gestiti (Nr) :139.0
Numero di pacchetti prt gestiti (Nr) :139
Numero di pacchetti dati gestiti (Nr) :0
Percentuale di OverHead (%) :100.0
Delay medio pkt protocollo (ms) :0.0 
2017-05-15 19:34:21,874  INFO   [waveNetLayer] statistiche del network layer 
2017-05-15 19:34:21,874  INFO   [waveNetLayer] 
--->Statistiche network Layer
Tipo Nodo nodo_host
Id del Nodo 1005
Numero di pacchetti totali gestiti (Nr) :143.0
Numero di pacchetti prt gestiti (Nr) :143
Numero di pacchetti dati gestiti (Nr) :0
Percentuale di OverHead (%) :100.0
Delay medio pkt protocollo (ms) :0.0 
2017-05-15 19:34:21,874  INFO   [waveNetLayer] statistiche del network layer 
2017-05-15 19:34:21,874  INFO   [waveNetLayer] 
--->Statistiche network Layer
Tipo Nodo nodo_host
Id del Nodo 1006
Numero di pacchetti totali gestiti (Nr) :145.0
Numero di pacchetti prt gestiti (Nr) :145
Numero di pacchetti dati gestiti (Nr) :0
Percentuale di OverHead (%) :100.0
Delay medio pkt protocollo (ms) :0.0 
2017-05-15 19:34:21,874  INFO   [waveNetLayer] statistiche del network layer 
2017-05-15 19:34:21,874  INFO   [waveNetLayer] 
--->Statistiche network Layer
Tipo Nodo nodo_host
Id del Nodo 1007
Numero di pacchetti totali gestiti (Nr) :125.0
Numero di pacchetti prt gestiti (Nr) :125
Numero di pacchetti dati gestiti (Nr) :0
Percentuale di OverHead (%) :100.0
Delay medio pkt protocollo (ms) :0.0 
2017-05-15 19:34:21,874  INFO   [waveNetLayer] statistiche del network layer 
2017-05-15 19:34:21,874  INFO   [waveNetLayer] 
--->Statistiche network Layer
Tipo Nodo nodo_host
Id del Nodo 1008
Numero di pacchetti totali gestiti (Nr) :111.0
Numero di pacchetti prt gestiti (Nr) :111
Numero di pacchetti dati gestiti (Nr) :0
Percentuale di OverHead (%) :100.0
Delay medio pkt protocollo (ms) :0.0 
2017-05-15 19:34:21,874  INFO   [waveNetLayer] statistiche del network layer 
2017-05-15 19:34:21,874  INFO   [waveNetLayer] 
--->Statistiche network Layer
Tipo Nodo nodo_host
Id del Nodo 1009
Numero di pacchetti totali gestiti (Nr) :100.0
Numero di pacchetti prt gestiti (Nr) :100
Numero di pacchetti dati gestiti (Nr) :0
Percentuale di OverHead (%) :100.0
Delay medio pkt protocollo (ms) :0.0 
2017-05-15 19:34:21,874  INFO   [waveNetLayer] statistiche del network layer 
2017-05-15 19:34:21,874  INFO   [waveNetLayer] 
--->Statistiche network Layer
Tipo Nodo nodo_host
Id del Nodo 1010
Numero di pacchetti totali gestiti (Nr) :97.0
Numero di pacchetti prt gestiti (Nr) :97
Numero di pacchetti dati gestiti (Nr) :0
Percentuale di OverHead (%) :100.0
Delay medio pkt protocollo (ms) :0.0 
2017-05-15 19:34:21,874  INFO   [waveNetLayer] statistiche del network layer 
2017-05-15 19:34:21,874  INFO   [waveNetLayer] 
--->Statistiche network Layer
Tipo Nodo nodo_host
Id del Nodo 1011
Numero di pacchetti totali gestiti (Nr) :98.0
Numero di pacchetti prt gestiti (Nr) :98
Numero di pacchetti dati gestiti (Nr) :0
Percentuale di OverHead (%) :100.0
Delay medio pkt protocollo (ms) :0.0 
2017-05-15 19:34:21,874  INFO   [waveNetLayer] statistiche del network layer 
2017-05-15 19:34:21,874  INFO   [waveNetLayer] 
--->Statistiche network Layer
Tipo Nodo nodo_host
Id del Nodo 1012
Numero di pacchetti totali gestiti (Nr) :94.0
Numero di pacchetti prt gestiti (Nr) :94
Numero di pacchetti dati gestiti (Nr) :0
Percentuale di OverHead (%) :100.0
Delay medio pkt protocollo (ms) :0.0 
2017-05-15 19:34:21,874  INFO   [waveNetLayer] statistiche del network layer 
2017-05-15 19:34:21,874  INFO   [waveNetLayer] 
--->Statistiche network Layer
Tipo Nodo nodo_host
Id del Nodo 1013
Numero di pacchetti totali gestiti (Nr) :93.0
Numero di pacchetti prt gestiti (Nr) :93
Numero di pacchetti dati gestiti (Nr) :0
Percentuale di OverHead (%) :100.0
Delay medio pkt protocollo (ms) :0.0 
2017-05-15 19:34:21,874  INFO   [waveNetLayer] statistiche del network layer 
2017-05-15 19:34:21,874  INFO   [waveNetLayer] 
--->Statistiche network Layer
Tipo Nodo nodo_host
Id del Nodo 1014
Numero di pacchetti totali gestiti (Nr) :87.0
Numero di pacchetti prt gestiti (Nr) :87
Numero di pacchetti dati gestiti (Nr) :0
Percentuale di OverHead (%) :100.0
Delay medio pkt protocollo (ms) :0.0 
2017-05-15 19:34:21,874  INFO   [waveNetLayer] statistiche del network layer 
2017-05-15 19:34:21,874  INFO   [waveNetLayer] 
--->Statistiche network Layer
Tipo Nodo nodo_host
Id del Nodo 1015
Numero di pacchetti totali gestiti (Nr) :76.0
Numero di pacchetti prt gestiti (Nr) :76
Numero di pacchetti dati gestiti (Nr) :0
Percentuale di OverHead (%) :100.0
Delay medio pkt protocollo (ms) :0.0 
2017-05-15 19:34:21,874  INFO   [waveNetLayer] statistiche del network layer 
2017-05-15 19:34:21,874  INFO   [waveNetLayer] 
--->Statistiche network Layer
Tipo Nodo nodo_host
Id del Nodo 1016
Numero di pacchetti totali gestiti (Nr) :66.0
Numero di pacchetti prt gestiti (Nr) :66
Numero di pacchetti dati gestiti (Nr) :0
Percentuale di OverHead (%) :100.0
Delay medio pkt protocollo (ms) :0.0 
2017-05-15 19:34:21,874  INFO   [waveNetLayer] statistiche del network layer 
2017-05-15 19:34:21,874  INFO   [waveNetLayer] 
--->Statistiche network Layer
Tipo Nodo nodo_host
Id del Nodo 1017
Numero di pacchetti totali gestiti (Nr) :58.0
Numero di pacchetti prt gestiti (Nr) :58
Numero di pacchetti dati gestiti (Nr) :0
Percentuale di OverHead (%) :100.0
Delay medio pkt protocollo (ms) :0.0 
2017-05-15 19:34:21,874  INFO   [waveNetLayer] statistiche del network layer 
2017-05-15 19:34:21,874  INFO   [waveNetLayer] 
--->Statistiche network Layer
Tipo Nodo nodo_host
Id del Nodo 1018
Numero di pacchetti totali gestiti (Nr) :41.0
Numero di pacchetti prt gestiti (Nr) :41
Numero di pacchetti dati gestiti (Nr) :0
Percentuale di OverHead (%) :100.0
Delay medio pkt protocollo (ms) :0.0 
2017-05-15 19:34:21,874  INFO   [waveNetLayer] statistiche del network layer 
2017-05-15 19:34:21,874  INFO   [waveNetLayer] 
--->Statistiche network Layer
Tipo Nodo nodo_host
Id del Nodo 1019
Numero di pacchetti totali gestiti (Nr) :19.0
Numero di pacchetti prt gestiti (Nr) :19
Numero di pacchetti dati gestiti (Nr) :0
Percentuale di OverHead (%) :100.0
Delay medio pkt protocollo (ms) :0.0 
2017-05-15 19:34:21,874  INFO   [waveNetLayer] statistiche del network layer 
2017-05-15 19:34:21,874  INFO   [waveNetLayer] 
--->Statistiche network Layer
Tipo Nodo nodo_host
Id del Nodo 1020
Numero di pacchetti totali gestiti (Nr) :0.0
Numero di pacchetti prt gestiti (Nr) :0
Numero di pacchetti dati gestiti (Nr) :0 
2017-05-15 19:34:21,874  INFO   [waveNetLayer] statistiche del network layer 
2017-05-15 19:34:21,874  INFO   [waveNetLayer] 
--->Statistiche network Layer
Tipo Nodo nodo_host
Id del Nodo 1021
Numero di pacchetti totali gestiti (Nr) :0.0
Numero di pacchetti prt gestiti (Nr) :0
Numero di pacchetti dati gestiti (Nr) :0 
2017-05-15 19:34:21,874  INFO   [waveNetLayer] statistiche del network layer 
2017-05-15 19:34:21,874  INFO   [waveNetLayer] 
--->Statistiche network Layer
Tipo Nodo nodo_host
Id del Nodo 1022
Numero di pacchetti totali gestiti (Nr) :0.0
Numero di pacchetti prt gestiti (Nr) :0
Numero di pacchetti dati gestiti (Nr) :0 
2017-05-15 19:34:21,874  INFO   [waveNetLayer] statistiche del network layer 
2017-05-15 19:34:21,874  INFO   [waveNetLayer] 
--->Statistiche network Layer
Tipo Nodo nodo_host
Id del Nodo 1023
Numero di pacchetti totali gestiti (Nr) :0.0
Numero di pacchetti prt gestiti (Nr) :0
Numero di pacchetti dati gestiti (Nr) :0 
2017-05-15 19:34:21,874  INFO   [waveNetLayer] statistiche del network layer 
2017-05-15 19:34:21,874  INFO   [waveNetLayer] 
--->Statistiche network Layer
Tipo Nodo nodo_host
Id del Nodo 1024
Numero di pacchetti totali gestiti (Nr) :0.0
Numero di pacchetti prt gestiti (Nr) :0
Numero di pacchetti dati gestiti (Nr) :0 
2017-05-15 19:34:21,874  INFO   [waveNetLayer] statistiche del network layer 
2017-05-15 19:34:21,874  INFO   [waveNetLayer] 
--->Statistiche network Layer
Tipo Nodo nodo_host
Id del Nodo 1025
Numero di pacchetti totali gestiti (Nr) :0.0
Numero di pacchetti prt gestiti (Nr) :0
Numero di pacchetti dati gestiti (Nr) :0 
2017-05-15 19:34:21,874  INFO   [waveNetLayer] statistiche del network layer 
2017-05-15 19:34:21,874  INFO   [waveNetLayer] 
--->Statistiche network Layer
Tipo Nodo nodo_host
Id del Nodo 1026
Numero di pacchetti totali gestiti (Nr) :0.0
Numero di pacchetti prt gestiti (Nr) :0
Numero di pacchetti dati gestiti (Nr) :0 
2017-05-15 19:34:21,874  INFO   [waveNetLayer] statistiche del network layer 
2017-05-15 19:34:21,874  INFO   [waveNetLayer] 
--->Statistiche network Layer
Tipo Nodo nodo_host
Id del Nodo 1027
Numero di pacchetti totali gestiti (Nr) :0.0
Numero di pacchetti prt gestiti (Nr) :0
Numero di pacchetti dati gestiti (Nr) :0 
2017-05-15 19:34:21,874  INFO   [waveNetLayer] statistiche del network layer 
2017-05-15 19:34:21,874  INFO   [waveNetLayer] 
--->Statistiche network Layer
Tipo Nodo nodo_host
Id del Nodo 1028
Numero di pacchetti totali gestiti (Nr) :0.0
Numero di pacchetti prt gestiti (Nr) :0
Numero di pacchetti dati gestiti (Nr) :0 
2017-05-15 19:34:21,874  INFO   [waveNetLayer] statistiche del network layer 
2017-05-15 19:34:21,874  INFO   [waveNetLayer] 
--->Statistiche network Layer
Tipo Nodo nodo_host
Id del Nodo 1029
Numero di pacchetti totali gestiti (Nr) :0.0
Numero di pacchetti prt gestiti (Nr) :0
Numero di pacchetti dati gestiti (Nr) :0 
2017-05-15 19:34:21,874  INFO   [scheduler] la simulazione è terminata il : 15/5/2017 ora 19:34:21 
2017-05-15 19:38:54,199  INFO   [scheduler] la simulazione sta per iniziare all'ora 15/5/2017 ora 19:38:54 
2017-05-15 19:40:09,062  INFO   [scheduler] la simulazione sta per iniziare all'ora 15/5/2017 ora 19:40:9 
2017-05-15 19:41:49,191  INFO   [scheduler] la simulazione sta per iniziare all'ora 15/5/2017 ora 19:41:49 
2017-05-15 19:44:44,422  INFO   [scheduler] la simulazione sta per iniziare all'ora 15/5/2017 ora 19:44:44 
2017-05-15 19:45:01,843  INFO   [waveNetLayer] statistiche del network layer 
2017-05-15 19:45:01,844  INFO   [waveNetLayer] 
--->Statistiche network Layer
Tipo Nodo nodo_host
Id del Nodo 1000
Numero di pacchetti totali gestiti (Nr) :52.0
Numero di pacchetti prt gestiti (Nr) :52
Numero di pacchetti dati gestiti (Nr) :0
Percentuale di OverHead (%) :100.0
Delay medio pkt protocollo (ms) :0.0 
2017-05-15 19:45:01,844  INFO   [waveNetLayer] statistiche del network layer 
2017-05-15 19:45:01,845  INFO   [waveNetLayer] 
--->Statistiche network Layer
Tipo Nodo nodo_host
Id del Nodo 1001
Numero di pacchetti totali gestiti (Nr) :28.0
Numero di pacchetti prt gestiti (Nr) :28
Numero di pacchetti dati gestiti (Nr) :0
Percentuale di OverHead (%) :100.0
Delay medio pkt protocollo (ms) :0.0 
2017-05-15 19:45:01,845  INFO   [waveNetLayer] statistiche del network layer 
2017-05-15 19:45:01,845  INFO   [waveNetLayer] 
--->Statistiche network Layer
Tipo Nodo nodo_host
Id del Nodo 1002
Numero di pacchetti totali gestiti (Nr) :86.0
Numero di pacchetti prt gestiti (Nr) :86
Numero di pacchetti dati gestiti (Nr) :0
Percentuale di OverHead (%) :100.0
Delay medio pkt protocollo (ms) :0.0 
2017-05-15 19:45:01,845  INFO   [waveNetLayer] statistiche del network layer 
2017-05-15 19:45:01,846  INFO   [waveNetLayer] 
--->Statistiche network Layer
Tipo Nodo nodo_host
Id del Nodo 1003
Numero di pacchetti totali gestiti (Nr) :240.0
Numero di pacchetti prt gestiti (Nr) :240
Numero di pacchetti dati gestiti (Nr) :0
Percentuale di OverHead (%) :100.0
Delay medio pkt protocollo (ms) :0.0 
2017-05-15 19:45:01,846  INFO   [waveNetLayer] statistiche del network layer 
2017-05-15 19:45:01,846  INFO   [waveNetLayer] 
--->Statistiche network Layer
Tipo Nodo nodo_host
Id del Nodo 1004
Numero di pacchetti totali gestiti (Nr) :27.0
Numero di pacchetti prt gestiti (Nr) :27
Numero di pacchetti dati gestiti (Nr) :0
Percentuale di OverHead (%) :100.0
Delay medio pkt protocollo (ms) :0.0 
2017-05-15 19:45:01,846  INFO   [waveNetLayer] statistiche del network layer 
2017-05-15 19:45:01,846  INFO   [waveNetLayer] 
--->Statistiche network Layer
Tipo Nodo nodo_host
Id del Nodo 1005
Numero di pacchetti totali gestiti (Nr) :90.0
Numero di pacchetti prt gestiti (Nr) :90
Numero di pacchetti dati gestiti (Nr) :0
Percentuale di OverHead (%) :100.0
Delay medio pkt protocollo (ms) :0.0 
2017-05-15 19:45:01,848  INFO   [waveNetLayer] statistiche del network layer 
2017-05-15 19:45:01,848  INFO   [waveNetLayer] 
--->Statistiche network Layer
Tipo Nodo nodo_host
Id del Nodo 1006
Numero di pacchetti totali gestiti (Nr) :240.0
Numero di pacchetti prt gestiti (Nr) :240
Numero di pacchetti dati gestiti (Nr) :0
Percentuale di OverHead (%) :100.0
Delay medio pkt protocollo (ms) :0.0 
2017-05-15 19:45:01,848  INFO   [waveNetLayer] statistiche del network layer 
2017-05-15 19:45:01,848  INFO   [waveNetLayer] 
--->Statistiche network Layer
Tipo Nodo nodo_host
Id del Nodo 1007
Numero di pacchetti totali gestiti (Nr) :27.0
Numero di pacchetti prt gestiti (Nr) :27
Numero di pacchetti dati gestiti (Nr) :0
Percentuale di OverHead (%) :100.0
Delay medio pkt protocollo (ms) :0.0 
2017-05-15 19:45:01,848  INFO   [waveNetLayer] statistiche del network layer 
2017-05-15 19:45:01,848  INFO   [waveNetLayer] 
--->Statistiche network Layer
Tipo Nodo nodo_host
Id del Nodo 1008
Numero di pacchetti totali gestiti (Nr) :73.0
Numero di pacchetti prt gestiti (Nr) :73
Numero di pacchetti dati gestiti (Nr) :0
Percentuale di OverHead (%) :100.0
Delay medio pkt protocollo (ms) :0.0 
2017-05-15 19:45:01,848  INFO   [waveNetLayer] statistiche del network layer 
2017-05-15 19:45:01,848  INFO   [waveNetLayer] 
--->Statistiche network Layer
Tipo Nodo nodo_host
Id del Nodo 1009
Numero di pacchetti totali gestiti (Nr) :222.0
Numero di pacchetti prt gestiti (Nr) :222
Numero di pacchetti dati gestiti (Nr) :0
Percentuale di OverHead (%) :100.0
Delay medio pkt protocollo (ms) :0.0 
2017-05-15 19:45:01,848  INFO   [waveNetLayer] statistiche del network layer 
2017-05-15 19:45:01,848  INFO   [waveNetLayer] 
--->Statistiche network Layer
Tipo Nodo nodo_host
Id del Nodo 1010
Numero di pacchetti totali gestiti (Nr) :37.0
Numero di pacchetti prt gestiti (Nr) :37
Numero di pacchetti dati gestiti (Nr) :0
Percentuale di OverHead (%) :100.0
Delay medio pkt protocollo (ms) :0.0 
2017-05-15 19:45:01,848  INFO   [waveNetLayer] statistiche del network layer 
2017-05-15 19:45:01,848  INFO   [waveNetLayer] 
--->Statistiche network Layer
Tipo Nodo nodo_host
Id del Nodo 1011
Numero di pacchetti totali gestiti (Nr) :48.0
Numero di pacchetti prt gestiti (Nr) :48
Numero di pacchetti dati gestiti (Nr) :0
Percentuale di OverHead (%) :100.0
Delay medio pkt protocollo (ms) :0.0 
2017-05-15 19:45:01,848  INFO   [waveNetLayer] statistiche del network layer 
2017-05-15 19:45:01,848  INFO   [waveNetLayer] 
--->Statistiche network Layer
Tipo Nodo nodo_host
Id del Nodo 1012
Numero di pacchetti totali gestiti (Nr) :186.0
Numero di pacchetti prt gestiti (Nr) :186
Numero di pacchetti dati gestiti (Nr) :0
Percentuale di OverHead (%) :100.0
Delay medio pkt protocollo (ms) :0.0 
2017-05-15 19:45:01,848  INFO   [waveNetLayer] statistiche del network layer 
2017-05-15 19:45:01,848  INFO   [waveNetLayer] 
--->Statistiche network Layer
Tipo Nodo nodo_host
Id del Nodo 1013
Numero di pacchetti totali gestiti (Nr) :33.0
Numero di pacchetti prt gestiti (Nr) :33
Numero di pacchetti dati gestiti (Nr) :0
Percentuale di OverHead (%) :100.0
Delay medio pkt protocollo (ms) :0.0 
2017-05-15 19:45:01,848  INFO   [waveNetLayer] statistiche del network layer 
2017-05-15 19:45:01,848  INFO   [waveNetLayer] 
--->Statistiche network Layer
Tipo Nodo nodo_host
Id del Nodo 1014
Numero di pacchetti totali gestiti (Nr) :36.0
Numero di pacchetti prt gestiti (Nr) :36
Numero di pacchetti dati gestiti (Nr) :0
Percentuale di OverHead (%) :100.0
Delay medio pkt protocollo (ms) :0.0 
2017-05-15 19:45:01,848  INFO   [waveNetLayer] statistiche del network layer 
2017-05-15 19:45:01,848  INFO   [waveNetLayer] 
--->Statistiche network Layer
Tipo Nodo nodo_host
Id del Nodo 1015
Numero di pacchetti totali gestiti (Nr) :132.0
Numero di pacchetti prt gestiti (Nr) :132
Numero di pacchetti dati gestiti (Nr) :0
Percentuale di OverHead (%) :100.0
Delay medio pkt protocollo (ms) :0.0 
2017-05-15 19:45:01,848  INFO   [waveNetLayer] statistiche del network layer 
2017-05-15 19:45:01,848  INFO   [waveNetLayer] 
--->Statistiche network Layer
Tipo Nodo nodo_host
Id del Nodo 1016
Numero di pacchetti totali gestiti (Nr) :27.0
Numero di pacchetti prt gestiti (Nr) :27
Numero di pacchetti dati gestiti (Nr) :0
Percentuale di OverHead (%) :100.0
Delay medio pkt protocollo (ms) :0.0 
2017-05-15 19:45:01,848  INFO   [waveNetLayer] statistiche del network layer 
2017-05-15 19:45:01,848  INFO   [waveNetLayer] 
--->Statistiche network Layer
Tipo Nodo nodo_host
Id del Nodo 1017
Numero di pacchetti totali gestiti (Nr) :24.0
Numero di pacchetti prt gestiti (Nr) :24
Numero di pacchetti dati gestiti (Nr) :0
Percentuale di OverHead (%) :100.0
Delay medio pkt protocollo (ms) :0.0 
2017-05-15 19:45:01,848  INFO   [waveNetLayer] statistiche del network layer 
2017-05-15 19:45:01,848  INFO   [waveNetLayer] 
--->Statistiche network Layer
Tipo Nodo nodo_host
Id del Nodo 1018
Numero di pacchetti totali gestiti (Nr) :60.0
Numero di pacchetti prt gestiti (Nr) :60
Numero di pacchetti dati gestiti (Nr) :0
Percentuale di OverHead (%) :100.0
Delay medio pkt protocollo (ms) :0.0 
2017-05-15 19:45:01,848  INFO   [waveNetLayer] statistiche del network layer 
2017-05-15 19:45:01,848  INFO   [waveNetLayer] 
--->Statistiche network Layer
Tipo Nodo nodo_host
Id del Nodo 1019
Numero di pacchetti totali gestiti (Nr) :6.0
Numero di pacchetti prt gestiti (Nr) :6
Numero di pacchetti dati gestiti (Nr) :0
Percentuale di OverHead (%) :100.0
Delay medio pkt protocollo (ms) :0.0 
2017-05-15 19:45:01,848  INFO   [waveNetLayer] statistiche del network layer 
2017-05-15 19:45:01,848  INFO   [waveNetLayer] 
--->Statistiche network Layer
Tipo Nodo nodo_host
Id del Nodo 1020
Numero di pacchetti totali gestiti (Nr) :0.0
Numero di pacchetti prt gestiti (Nr) :0
Numero di pacchetti dati gestiti (Nr) :0 
2017-05-15 19:45:01,848  INFO   [waveNetLayer] statistiche del network layer 
2017-05-15 19:45:01,848  INFO   [waveNetLayer] 
--->Statistiche network Layer
Tipo Nodo nodo_host
Id del Nodo 1021
Numero di pacchetti totali gestiti (Nr) :0.0
Numero di pacchetti prt gestiti (Nr) :0
Numero di pacchetti dati gestiti (Nr) :0 
2017-05-15 19:45:01,848  INFO   [waveNetLayer] statistiche del network layer 
2017-05-15 19:45:01,848  INFO   [waveNetLayer] 
--->Statistiche network Layer
Tipo Nodo nodo_host
Id del Nodo 1022
Numero di pacchetti totali gestiti (Nr) :0.0
Numero di pacchetti prt gestiti (Nr) :0
Numero di pacchetti dati gestiti (Nr) :0 
2017-05-15 19:45:01,848  INFO   [waveNetLayer] statistiche del network layer 
2017-05-15 19:45:01,848  INFO   [waveNetLayer] 
--->Statistiche network Layer
Tipo Nodo nodo_host
Id del Nodo 1023
Numero di pacchetti totali gestiti (Nr) :0.0
Numero di pacchetti prt gestiti (Nr) :0
Numero di pacchetti dati gestiti (Nr) :0 
2017-05-15 19:45:01,848  INFO   [waveNetLayer] statistiche del network layer 
2017-05-15 19:45:01,848  INFO   [waveNetLayer] 
--->Statistiche network Layer
Tipo Nodo nodo_host
Id del Nodo 1024
Numero di pacchetti totali gestiti (Nr) :0.0
Numero di pacchetti prt gestiti (Nr) :0
Numero di pacchetti dati gestiti (Nr) :0 
2017-05-15 19:45:01,848  INFO   [waveNetLayer] statistiche del network layer 
2017-05-15 19:45:01,848  INFO   [waveNetLayer] 
--->Statistiche network Layer
Tipo Nodo nodo_host
Id del Nodo 1025
Numero di pacchetti totali gestiti (Nr) :0.0
Numero di pacchetti prt gestiti (Nr) :0
Numero di pacchetti dati gestiti (Nr) :0 
2017-05-15 19:45:01,848  INFO   [waveNetLayer] statistiche del network layer 
2017-05-15 19:45:01,848  INFO   [waveNetLayer] 
--->Statistiche network Layer
Tipo Nodo nodo_host
Id del Nodo 1026
Numero di pacchetti totali gestiti (Nr) :0.0
Numero di pacchetti prt gestiti (Nr) :0
Numero di pacchetti dati gestiti (Nr) :0 
2017-05-15 19:45:01,848  INFO   [waveNetLayer] statistiche del network layer 
2017-05-15 19:45:01,848  INFO   [waveNetLayer] 
--->Statistiche network Layer
Tipo Nodo nodo_host
Id del Nodo 1027
Numero di pacchetti totali gestiti (Nr) :0.0
Numero di pacchetti prt gestiti (Nr) :0
Numero di pacchetti dati gestiti (Nr) :0 
2017-05-15 19:45:01,848  INFO   [waveNetLayer] statistiche del network layer 
2017-05-15 19:45:01,848  INFO   [waveNetLayer] 
--->Statistiche network Layer
Tipo Nodo nodo_host
Id del Nodo 1028
Numero di pacchetti totali gestiti (Nr) :0.0
Numero di pacchetti prt gestiti (Nr) :0
Numero di pacchetti dati gestiti (Nr) :0 
2017-05-15 19:45:01,848  INFO   [waveNetLayer] statistiche del network layer 
2017-05-15 19:45:01,848  INFO   [waveNetLayer] 
--->Statistiche network Layer
Tipo Nodo nodo_host
Id del Nodo 1029
Numero di pacchetti totali gestiti (Nr) :0.0
Numero di pacchetti prt gestiti (Nr) :0
Numero di pacchetti dati gestiti (Nr) :0 
2017-05-15 19:45:01,848  INFO   [scheduler] la simulazione è terminata il : 15/5/2017 ora 19:45:1 
2017-05-15 19:50:14,093  INFO   [scheduler] la simulazione sta per iniziare all'ora 15/5/2017 ora 19:50:14 
2017-05-15 19:53:29,238  INFO   [scheduler] la simulazione sta per iniziare all'ora 15/5/2017 ora 19:53:29 
2017-05-15 19:53:45,873  INFO   [waveNetLayer] statistiche del network layer 
2017-05-15 19:53:45,873  INFO   [waveNetLayer] 
--->Statistiche network Layer
Tipo Nodo nodo_host
Id del Nodo 1000
Numero di pacchetti totali gestiti (Nr) :73.0
Numero di pacchetti prt gestiti (Nr) :73
Numero di pacchetti dati gestiti (Nr) :0
Percentuale di OverHead (%) :100.0
Delay medio pkt protocollo (ms) :0.0 
2017-05-15 19:53:45,873  INFO   [waveNetLayer] statistiche del network layer 
2017-05-15 19:53:45,873  INFO   [waveNetLayer] 
--->Statistiche network Layer
Tipo Nodo nodo_host
Id del Nodo 1001
Numero di pacchetti totali gestiti (Nr) :37.0
Numero di pacchetti prt gestiti (Nr) :37
Numero di pacchetti dati gestiti (Nr) :0
Percentuale di OverHead (%) :100.0
Delay medio pkt protocollo (ms) :0.0 
2017-05-15 19:53:45,873  INFO   [waveNetLayer] statistiche del network layer 
2017-05-15 19:53:45,873  INFO   [waveNetLayer] 
--->Statistiche network Layer
Tipo Nodo nodo_host
Id del Nodo 1002
Numero di pacchetti totali gestiti (Nr) :135.0
Numero di pacchetti prt gestiti (Nr) :135
Numero di pacchetti dati gestiti (Nr) :0
Percentuale di OverHead (%) :100.0
Delay medio pkt protocollo (ms) :0.0 
2017-05-15 19:53:45,873  INFO   [waveNetLayer] statistiche del network layer 
2017-05-15 19:53:45,873  INFO   [waveNetLayer] 
--->Statistiche network Layer
Tipo Nodo nodo_host
Id del Nodo 1003
Numero di pacchetti totali gestiti (Nr) :106.0
Numero di pacchetti prt gestiti (Nr) :106
Numero di pacchetti dati gestiti (Nr) :0
Percentuale di OverHead (%) :100.0
Delay medio pkt protocollo (ms) :0.0 
2017-05-15 19:53:45,889  INFO   [waveNetLayer] statistiche del network layer 
2017-05-15 19:53:45,889  INFO   [waveNetLayer] 
--->Statistiche network Layer
Tipo Nodo nodo_host
Id del Nodo 1004
Numero di pacchetti totali gestiti (Nr) :47.0
Numero di pacchetti prt gestiti (Nr) :47
Numero di pacchetti dati gestiti (Nr) :0
Percentuale di OverHead (%) :100.0
Delay medio pkt protocollo (ms) :0.0 
2017-05-15 19:53:45,889  INFO   [waveNetLayer] statistiche del network layer 
2017-05-15 19:53:45,889  INFO   [waveNetLayer] 
--->Statistiche network Layer
Tipo Nodo nodo_host
Id del Nodo 1005
Numero di pacchetti totali gestiti (Nr) :138.0
Numero di pacchetti prt gestiti (Nr) :138
Numero di pacchetti dati gestiti (Nr) :0
Percentuale di OverHead (%) :100.0
Delay medio pkt protocollo (ms) :0.0 
2017-05-15 19:53:45,889  INFO   [waveNetLayer] statistiche del network layer 
2017-05-15 19:53:45,889  INFO   [waveNetLayer] 
--->Statistiche network Layer
Tipo Nodo nodo_host
Id del Nodo 1006
Numero di pacchetti totali gestiti (Nr) :120.0
Numero di pacchetti prt gestiti (Nr) :120
Numero di pacchetti dati gestiti (Nr) :0
Percentuale di OverHead (%) :100.0
Delay medio pkt protocollo (ms) :0.0 
2017-05-15 19:53:45,889  INFO   [waveNetLayer] statistiche del network layer 
2017-05-15 19:53:45,889  INFO   [waveNetLayer] 
--->Statistiche network Layer
Tipo Nodo nodo_host
Id del Nodo 1007
Numero di pacchetti totali gestiti (Nr) :47.0
Numero di pacchetti prt gestiti (Nr) :47
Numero di pacchetti dati gestiti (Nr) :0
Percentuale di OverHead (%) :100.0
Delay medio pkt protocollo (ms) :0.0 
2017-05-15 19:53:45,889  INFO   [waveNetLayer] statistiche del network layer 
2017-05-15 19:53:45,889  INFO   [waveNetLayer] 
--->Statistiche network Layer
Tipo Nodo nodo_host
Id del Nodo 1008
Numero di pacchetti totali gestiti (Nr) :115.0
Numero di pacchetti prt gestiti (Nr) :115
Numero di pacchetti dati gestiti (Nr) :0
Percentuale di OverHead (%) :100.0
Delay medio pkt protocollo (ms) :0.0 
2017-05-15 19:53:45,889  INFO   [waveNetLayer] statistiche del network layer 
2017-05-15 19:53:45,889  INFO   [waveNetLayer] 
--->Statistiche network Layer
Tipo Nodo nodo_host
Id del Nodo 1009
Numero di pacchetti totali gestiti (Nr) :100.0
Numero di pacchetti prt gestiti (Nr) :100
Numero di pacchetti dati gestiti (Nr) :0
Percentuale di OverHead (%) :100.0
Delay medio pkt protocollo (ms) :0.0 
2017-05-15 19:53:45,889  INFO   [waveNetLayer] statistiche del network layer 
2017-05-15 19:53:45,889  INFO   [waveNetLayer] 
--->Statistiche network Layer
Tipo Nodo nodo_host
Id del Nodo 1010
Numero di pacchetti totali gestiti (Nr) :57.0
Numero di pacchetti prt gestiti (Nr) :57
Numero di pacchetti dati gestiti (Nr) :0
Percentuale di OverHead (%) :100.0
Delay medio pkt protocollo (ms) :0.0 
2017-05-15 19:53:45,889  INFO   [waveNetLayer] statistiche del network layer 
2017-05-15 19:53:45,889  INFO   [waveNetLayer] 
--->Statistiche network Layer
Tipo Nodo nodo_host
Id del Nodo 1011
Numero di pacchetti totali gestiti (Nr) :84.0
Numero di pacchetti prt gestiti (Nr) :84
Numero di pacchetti dati gestiti (Nr) :0
Percentuale di OverHead (%) :100.0
Delay medio pkt protocollo (ms) :0.0 
2017-05-15 19:53:45,889  INFO   [waveNetLayer] statistiche del network layer 
2017-05-15 19:53:45,889  INFO   [waveNetLayer] 
--->Statistiche network Layer
Tipo Nodo nodo_host
Id del Nodo 1012
Numero di pacchetti totali gestiti (Nr) :91.0
Numero di pacchetti prt gestiti (Nr) :91
Numero di pacchetti dati gestiti (Nr) :0
Percentuale di OverHead (%) :100.0
Delay medio pkt protocollo (ms) :0.0 
2017-05-15 19:53:45,889  INFO   [waveNetLayer] statistiche del network layer 
2017-05-15 19:53:45,889  INFO   [waveNetLayer] 
--->Statistiche network Layer
Tipo Nodo nodo_host
Id del Nodo 1013
Numero di pacchetti totali gestiti (Nr) :63.0
Numero di pacchetti prt gestiti (Nr) :63
Numero di pacchetti dati gestiti (Nr) :0
Percentuale di OverHead (%) :100.0
Delay medio pkt protocollo (ms) :0.0 
2017-05-15 19:53:45,889  INFO   [waveNetLayer] statistiche del network layer 
2017-05-15 19:53:45,889  INFO   [waveNetLayer] 
--->Statistiche network Layer
Tipo Nodo nodo_host
Id del Nodo 1014
Numero di pacchetti totali gestiti (Nr) :69.0
Numero di pacchetti prt gestiti (Nr) :69
Numero di pacchetti dati gestiti (Nr) :0
Percentuale di OverHead (%) :100.0
Delay medio pkt protocollo (ms) :0.0 
2017-05-15 19:53:45,889  INFO   [waveNetLayer] statistiche del network layer 
2017-05-15 19:53:45,889  INFO   [waveNetLayer] 
--->Statistiche network Layer
Tipo Nodo nodo_host
Id del Nodo 1015
Numero di pacchetti totali gestiti (Nr) :51.0
Numero di pacchetti prt gestiti (Nr) :51
Numero di pacchetti dati gestiti (Nr) :0
Percentuale di OverHead (%) :100.0
Delay medio pkt protocollo (ms) :0.0 
2017-05-15 19:53:45,889  INFO   [waveNetLayer] statistiche del network layer 
2017-05-15 19:53:45,889  INFO   [waveNetLayer] 
--->Statistiche network Layer
Tipo Nodo nodo_host
Id del Nodo 1016
Numero di pacchetti totali gestiti (Nr) :63.0
Numero di pacchetti prt gestiti (Nr) :63
Numero di pacchetti dati gestiti (Nr) :0
Percentuale di OverHead (%) :100.0
Delay medio pkt protocollo (ms) :0.0 
2017-05-15 19:53:45,889  INFO   [waveNetLayer] statistiche del network layer 
2017-05-15 19:53:45,889  INFO   [waveNetLayer] 
--->Statistiche network Layer
Tipo Nodo nodo_host
Id del Nodo 1017
Numero di pacchetti totali gestiti (Nr) :42.0
Numero di pacchetti prt gestiti (Nr) :42
Numero di pacchetti dati gestiti (Nr) :0
Percentuale di OverHead (%) :100.0
Delay medio pkt protocollo (ms) :0.0 
2017-05-15 19:53:45,889  INFO   [waveNetLayer] statistiche del network layer 
2017-05-15 19:53:45,889  INFO   [waveNetLayer] 
--->Statistiche network Layer
Tipo Nodo nodo_host
Id del Nodo 1018
Numero di pacchetti totali gestiti (Nr) :28.0
Numero di pacchetti prt gestiti (Nr) :28
Numero di pacchetti dati gestiti (Nr) :0
Percentuale di OverHead (%) :100.0
Delay medio pkt protocollo (ms) :0.0 
2017-05-15 19:53:45,889  INFO   [waveNetLayer] statistiche del network layer 
2017-05-15 19:53:45,889  INFO   [waveNetLayer] 
--->Statistiche network Layer
Tipo Nodo nodo_host
Id del Nodo 1019
Numero di pacchetti totali gestiti (Nr) :16.0
Numero di pacchetti prt gestiti (Nr) :16
Numero di pacchetti dati gestiti (Nr) :0
Percentuale di OverHead (%) :100.0
Delay medio pkt protocollo (ms) :0.0 
2017-05-15 19:53:45,889  INFO   [waveNetLayer] statistiche del network layer 
2017-05-15 19:53:45,889  INFO   [waveNetLayer] 
--->Statistiche network Layer
Tipo Nodo nodo_host
Id del Nodo 1020
Numero di pacchetti totali gestiti (Nr) :0.0
Numero di pacchetti prt gestiti (Nr) :0
Numero di pacchetti dati gestiti (Nr) :0 
2017-05-15 19:53:45,889  INFO   [waveNetLayer] statistiche del network layer 
2017-05-15 19:53:45,889  INFO   [waveNetLayer] 
--->Statistiche network Layer
Tipo Nodo nodo_host
Id del Nodo 1021
Numero di pacchetti totali gestiti (Nr) :0.0
Numero di pacchetti prt gestiti (Nr) :0
Numero di pacchetti dati gestiti (Nr) :0 
2017-05-15 19:53:45,889  INFO   [waveNetLayer] statistiche del network layer 
2017-05-15 19:53:45,889  INFO   [waveNetLayer] 
--->Statistiche network Layer
Tipo Nodo nodo_host
Id del Nodo 1022
Numero di pacchetti totali gestiti (Nr) :0.0
Numero di pacchetti prt gestiti (Nr) :0
Numero di pacchetti dati gestiti (Nr) :0 
2017-05-15 19:53:45,889  INFO   [waveNetLayer] statistiche del network layer 
2017-05-15 19:53:45,889  INFO   [waveNetLayer] 
--->Statistiche network Layer
Tipo Nodo nodo_host
Id del Nodo 1023
Numero di pacchetti totali gestiti (Nr) :0.0
Numero di pacchetti prt gestiti (Nr) :0
Numero di pacchetti dati gestiti (Nr) :0 
2017-05-15 19:53:45,889  INFO   [waveNetLayer] statistiche del network layer 
2017-05-15 19:53:45,889  INFO   [waveNetLayer] 
--->Statistiche network Layer
Tipo Nodo nodo_host
Id del Nodo 1024
Numero di pacchetti totali gestiti (Nr) :0.0
Numero di pacchetti prt gestiti (Nr) :0
Numero di pacchetti dati gestiti (Nr) :0 
2017-05-15 19:53:45,889  INFO   [waveNetLayer] statistiche del network layer 
2017-05-15 19:53:45,889  INFO   [waveNetLayer] 
--->Statistiche network Layer
Tipo Nodo nodo_host
Id del Nodo 1025
Numero di pacchetti totali gestiti (Nr) :0.0
Numero di pacchetti prt gestiti (Nr) :0
Numero di pacchetti dati gestiti (Nr) :0 
2017-05-15 19:53:45,889  INFO   [waveNetLayer] statistiche del network layer 
2017-05-15 19:53:45,889  INFO   [waveNetLayer] 
--->Statistiche network Layer
Tipo Nodo nodo_host
Id del Nodo 1026
Numero di pacchetti totali gestiti (Nr) :0.0
Numero di pacchetti prt gestiti (Nr) :0
Numero di pacchetti dati gestiti (Nr) :0 
2017-05-15 19:53:45,889  INFO   [waveNetLayer] statistiche del network layer 
2017-05-15 19:53:45,889  INFO   [waveNetLayer] 
--->Statistiche network Layer
Tipo Nodo nodo_host
Id del Nodo 1027
Numero di pacchetti totali gestiti (Nr) :0.0
Numero di pacchetti prt gestiti (Nr) :0
Numero di pacchetti dati gestiti (Nr) :0 
2017-05-15 19:53:45,889  INFO   [waveNetLayer] statistiche del network layer 
2017-05-15 19:53:45,889  INFO   [waveNetLayer] 
--->Statistiche network Layer
Tipo Nodo nodo_host
Id del Nodo 1028
Numero di pacchetti totali gestiti (Nr) :0.0
Numero di pacchetti prt gestiti (Nr) :0
Numero di pacchetti dati gestiti (Nr) :0 
2017-05-15 19:53:45,889  INFO   [waveNetLayer] statistiche del network layer 
2017-05-15 19:53:45,889  INFO   [waveNetLayer] 
--->Statistiche network Layer
Tipo Nodo nodo_host
Id del Nodo 1029
Numero di pacchetti totali gestiti (Nr) :0.0
Numero di pacchetti prt gestiti (Nr) :0
Numero di pacchetti dati gestiti (Nr) :0 
2017-05-15 19:53:45,889  INFO   [scheduler] la simulazione è terminata il : 15/5/2017 ora 19:53:45 
2017-05-15 19:54:28,881  INFO   [scheduler] la simulazione sta per iniziare all'ora 15/5/2017 ora 19:54:28 
2017-05-15 19:58:32,710  INFO   [scheduler] la simulazione sta per iniziare all'ora 15/5/2017 ora 19:58:32 
2017-05-15 20:06:20,092  INFO   [scheduler] la simulazione sta per iniziare all'ora 15/5/2017 ora 20:6:20 
2017-05-16 15:08:58,705  INFO   [scheduler] la simulazione sta per iniziare all'ora 16/5/2017 ora 15:8:58 
2017-05-16 15:10:32,734  INFO   [waveNetLayer] statistiche del network layer 
2017-05-16 15:10:32,746  INFO   [waveNetLayer] 
--->Statistiche network Layer
Tipo Nodo nodo_host
Id del Nodo 1000
Numero di pacchetti totali gestiti (Nr) :72.0
Numero di pacchetti prt gestiti (Nr) :72
Numero di pacchetti dati gestiti (Nr) :0
Percentuale di OverHead (%) :100.0
Delay medio pkt protocollo (ms) :0.0 
2017-05-16 15:10:32,747  INFO   [waveNetLayer] statistiche del network layer 
2017-05-16 15:10:32,747  INFO   [waveNetLayer] 
--->Statistiche network Layer
Tipo Nodo nodo_host
Id del Nodo 1001
Numero di pacchetti totali gestiti (Nr) :238.0
Numero di pacchetti prt gestiti (Nr) :238
Numero di pacchetti dati gestiti (Nr) :0
Percentuale di OverHead (%) :100.0
Delay medio pkt protocollo (ms) :0.0 
2017-05-16 15:10:32,747  INFO   [waveNetLayer] statistiche del network layer 
2017-05-16 15:10:32,747  INFO   [waveNetLayer] 
--->Statistiche network Layer
Tipo Nodo nodo_host
Id del Nodo 1002
Numero di pacchetti totali gestiti (Nr) :92.0
Numero di pacchetti prt gestiti (Nr) :92
Numero di pacchetti dati gestiti (Nr) :0
Percentuale di OverHead (%) :100.0
Delay medio pkt protocollo (ms) :0.0 
2017-05-16 15:10:32,747  INFO   [waveNetLayer] statistiche del network layer 
2017-05-16 15:10:32,747  INFO   [waveNetLayer] 
--->Statistiche network Layer
Tipo Nodo nodo_host
Id del Nodo 1003
Numero di pacchetti totali gestiti (Nr) :195.0
Numero di pacchetti prt gestiti (Nr) :195
Numero di pacchetti dati gestiti (Nr) :0
Percentuale di OverHead (%) :100.0
Delay medio pkt protocollo (ms) :0.0 
2017-05-16 15:10:32,747  INFO   [waveNetLayer] statistiche del network layer 
2017-05-16 15:10:32,747  INFO   [waveNetLayer] 
--->Statistiche network Layer
Tipo Nodo nodo_host
Id del Nodo 1004
Numero di pacchetti totali gestiti (Nr) :249.0
Numero di pacchetti prt gestiti (Nr) :249
Numero di pacchetti dati gestiti (Nr) :0
Percentuale di OverHead (%) :100.0
Delay medio pkt protocollo (ms) :0.0 
2017-05-16 15:10:32,747  INFO   [waveNetLayer] statistiche del network layer 
2017-05-16 15:10:32,747  INFO   [waveNetLayer] 
--->Statistiche network Layer
Tipo Nodo nodo_host
Id del Nodo 1005
Numero di pacchetti totali gestiti (Nr) :187.0
Numero di pacchetti prt gestiti (Nr) :187
Numero di pacchetti dati gestiti (Nr) :0
Percentuale di OverHead (%) :100.0
Delay medio pkt protocollo (ms) :0.0 
2017-05-16 15:10:32,747  INFO   [waveNetLayer] statistiche del network layer 
2017-05-16 15:10:32,747  INFO   [waveNetLayer] 
--->Statistiche network Layer
Tipo Nodo nodo_host
Id del Nodo 1006
Numero di pacchetti totali gestiti (Nr) :104.0
Numero di pacchetti prt gestiti (Nr) :104
Numero di pacchetti dati gestiti (Nr) :0
Percentuale di OverHead (%) :100.0
Delay medio pkt protocollo (ms) :0.0 
2017-05-16 15:10:32,747  INFO   [waveNetLayer] statistiche del network layer 
2017-05-16 15:10:32,747  INFO   [waveNetLayer] 
--->Statistiche network Layer
Tipo Nodo nodo_host
Id del Nodo 1007
Numero di pacchetti totali gestiti (Nr) :116.0
Numero di pacchetti prt gestiti (Nr) :116
Numero di pacchetti dati gestiti (Nr) :0
Percentuale di OverHead (%) :100.0
Delay medio pkt protocollo (ms) :0.0 
2017-05-16 15:10:32,747  INFO   [waveNetLayer] statistiche del network layer 
2017-05-16 15:10:32,747  INFO   [waveNetLayer] 
--->Statistiche network Layer
Tipo Nodo nodo_host
Id del Nodo 1008
Numero di pacchetti totali gestiti (Nr) :86.0
Numero di pacchetti prt gestiti (Nr) :86
Numero di pacchetti dati gestiti (Nr) :0
Percentuale di OverHead (%) :100.0
Delay medio pkt protocollo (ms) :0.0 
2017-05-16 15:10:32,747  INFO   [waveNetLayer] statistiche del network layer 
2017-05-16 15:10:32,747  INFO   [waveNetLayer] 
--->Statistiche network Layer
Tipo Nodo nodo_host
Id del Nodo 1009
Numero di pacchetti totali gestiti (Nr) :262.0
Numero di pacchetti prt gestiti (Nr) :262
Numero di pacchetti dati gestiti (Nr) :0
Percentuale di OverHead (%) :100.0
Delay medio pkt protocollo (ms) :0.0 
2017-05-16 15:10:32,747  INFO   [waveNetLayer] statistiche del network layer 
2017-05-16 15:10:32,747  INFO   [waveNetLayer] 
--->Statistiche network Layer
Tipo Nodo nodo_host
Id del Nodo 1010
Numero di pacchetti totali gestiti (Nr) :252.0
Numero di pacchetti prt gestiti (Nr) :252
Numero di pacchetti dati gestiti (Nr) :0
Percentuale di OverHead (%) :100.0
Delay medio pkt protocollo (ms) :0.0 
2017-05-16 15:10:32,747  INFO   [waveNetLayer] statistiche del network layer 
2017-05-16 15:10:32,747  INFO   [waveNetLayer] 
--->Statistiche network Layer
Tipo Nodo nodo_host
Id del Nodo 1011
Numero di pacchetti totali gestiti (Nr) :1549.0
Numero di pacchetti prt gestiti (Nr) :1549
Numero di pacchetti dati gestiti (Nr) :0
Percentuale di OverHead (%) :100.0
Delay medio pkt protocollo (ms) :0.0 
2017-05-16 15:10:32,747  INFO   [waveNetLayer] statistiche del network layer 
2017-05-16 15:10:32,762  INFO   [waveNetLayer] 
--->Statistiche network Layer
Tipo Nodo nodo_host
Id del Nodo 1012
Numero di pacchetti totali gestiti (Nr) :139.0
Numero di pacchetti prt gestiti (Nr) :139
Numero di pacchetti dati gestiti (Nr) :0
Percentuale di OverHead (%) :100.0
Delay medio pkt protocollo (ms) :0.0 
2017-05-16 15:10:32,762  INFO   [waveNetLayer] statistiche del network layer 
2017-05-16 15:10:32,762  INFO   [waveNetLayer] 
--->Statistiche network Layer
Tipo Nodo nodo_host
Id del Nodo 1013
Numero di pacchetti totali gestiti (Nr) :297.0
Numero di pacchetti prt gestiti (Nr) :297
Numero di pacchetti dati gestiti (Nr) :0
Percentuale di OverHead (%) :100.0
Delay medio pkt protocollo (ms) :0.0 
2017-05-16 15:10:32,762  INFO   [waveNetLayer] statistiche del network layer 
2017-05-16 15:10:32,762  INFO   [waveNetLayer] 
--->Statistiche network Layer
Tipo Nodo nodo_host
Id del Nodo 1014
Numero di pacchetti totali gestiti (Nr) :141.0
Numero di pacchetti prt gestiti (Nr) :141
Numero di pacchetti dati gestiti (Nr) :0
Percentuale di OverHead (%) :100.0
Delay medio pkt protocollo (ms) :0.0 
2017-05-16 15:10:32,762  INFO   [waveNetLayer] statistiche del network layer 
2017-05-16 15:10:32,762  INFO   [waveNetLayer] 
--->Statistiche network Layer
Tipo Nodo nodo_host
Id del Nodo 1015
Numero di pacchetti totali gestiti (Nr) :311.0
Numero di pacchetti prt gestiti (Nr) :311
Numero di pacchetti dati gestiti (Nr) :0
Percentuale di OverHead (%) :100.0
Delay medio pkt protocollo (ms) :0.0 
2017-05-16 15:10:32,762  INFO   [waveNetLayer] statistiche del network layer 
2017-05-16 15:10:32,762  INFO   [waveNetLayer] 
--->Statistiche network Layer
Tipo Nodo nodo_host
Id del Nodo 1016
Numero di pacchetti totali gestiti (Nr) :330.0
Numero di pacchetti prt gestiti (Nr) :330
Numero di pacchetti dati gestiti (Nr) :0
Percentuale di OverHead (%) :100.0
Delay medio pkt protocollo (ms) :0.0 
2017-05-16 15:10:32,762  INFO   [waveNetLayer] statistiche del network layer 
2017-05-16 15:10:32,762  INFO   [waveNetLayer] 
--->Statistiche network Layer
Tipo Nodo nodo_host
Id del Nodo 1017
Numero di pacchetti totali gestiti (Nr) :235.0
Numero di pacchetti prt gestiti (Nr) :235
Numero di pacchetti dati gestiti (Nr) :0
Percentuale di OverHead (%) :100.0
Delay medio pkt protocollo (ms) :0.0 
2017-05-16 15:10:32,762  INFO   [waveNetLayer] statistiche del network layer 
2017-05-16 15:10:32,762  INFO   [waveNetLayer] 
--->Statistiche network Layer
Tipo Nodo nodo_host
Id del Nodo 1018
Numero di pacchetti totali gestiti (Nr) :148.0
Numero di pacchetti prt gestiti (Nr) :148
Numero di pacchetti dati gestiti (Nr) :0
Percentuale di OverHead (%) :100.0
Delay medio pkt protocollo (ms) :0.0 
2017-05-16 15:10:32,762  INFO   [waveNetLayer] statistiche del network layer 
2017-05-16 15:10:32,762  INFO   [waveNetLayer] 
--->Statistiche network Layer
Tipo Nodo nodo_host
Id del Nodo 1019
Numero di pacchetti totali gestiti (Nr) :162.0
Numero di pacchetti prt gestiti (Nr) :162
Numero di pacchetti dati gestiti (Nr) :0
Percentuale di OverHead (%) :100.0
Delay medio pkt protocollo (ms) :0.0 
2017-05-16 15:10:32,762  INFO   [waveNetLayer] statistiche del network layer 
2017-05-16 15:10:32,762  INFO   [waveNetLayer] 
--->Statistiche network Layer
Tipo Nodo nodo_host
Id del Nodo 1020
Numero di pacchetti totali gestiti (Nr) :81.0
Numero di pacchetti prt gestiti (Nr) :81
Numero di pacchetti dati gestiti (Nr) :0
Percentuale di OverHead (%) :100.0
Delay medio pkt protocollo (ms) :0.0 
2017-05-16 15:10:32,762  INFO   [waveNetLayer] statistiche del network layer 
2017-05-16 15:10:32,778  INFO   [waveNetLayer] 
--->Statistiche network Layer
Tipo Nodo nodo_host
Id del Nodo 1021
Numero di pacchetti totali gestiti (Nr) :259.0
Numero di pacchetti prt gestiti (Nr) :259
Numero di pacchetti dati gestiti (Nr) :0
Percentuale di OverHead (%) :100.0
Delay medio pkt protocollo (ms) :0.0 
2017-05-16 15:10:32,778  INFO   [waveNetLayer] statistiche del network layer 
2017-05-16 15:10:32,778  INFO   [waveNetLayer] 
--->Statistiche network Layer
Tipo Nodo nodo_host
Id del Nodo 1022
Numero di pacchetti totali gestiti (Nr) :261.0
Numero di pacchetti prt gestiti (Nr) :261
Numero di pacchetti dati gestiti (Nr) :0
Percentuale di OverHead (%) :100.0
Delay medio pkt protocollo (ms) :0.0 
2017-05-16 15:10:32,778  INFO   [waveNetLayer] statistiche del network layer 
2017-05-16 15:10:32,778  INFO   [waveNetLayer] 
--->Statistiche network Layer
Tipo Nodo nodo_host
Id del Nodo 1023
Numero di pacchetti totali gestiti (Nr) :1361.0
Numero di pacchetti prt gestiti (Nr) :1361
Numero di pacchetti dati gestiti (Nr) :0
Percentuale di OverHead (%) :100.0
Delay medio pkt protocollo (ms) :0.0 
2017-05-16 15:10:32,778  INFO   [waveNetLayer] statistiche del network layer 
2017-05-16 15:10:32,778  INFO   [waveNetLayer] 
--->Statistiche network Layer
Tipo Nodo nodo_host
Id del Nodo 1024
Numero di pacchetti totali gestiti (Nr) :148.0
Numero di pacchetti prt gestiti (Nr) :148
Numero di pacchetti dati gestiti (Nr) :0
Percentuale di OverHead (%) :100.0
Delay medio pkt protocollo (ms) :0.0 
2017-05-16 15:10:32,778  INFO   [waveNetLayer] statistiche del network layer 
2017-05-16 15:10:32,778  INFO   [waveNetLayer] 
--->Statistiche network Layer
Tipo Nodo nodo_host
Id del Nodo 1025
Numero di pacchetti totali gestiti (Nr) :223.0
Numero di pacchetti prt gestiti (Nr) :223
Numero di pacchetti dati gestiti (Nr) :0
Percentuale di OverHead (%) :100.0
Delay medio pkt protocollo (ms) :0.0 
2017-05-16 15:10:32,778  INFO   [waveNetLayer] statistiche del network layer 
2017-05-16 15:10:32,778  INFO   [waveNetLayer] 
--->Statistiche network Layer
Tipo Nodo nodo_host
Id del Nodo 1026
Numero di pacchetti totali gestiti (Nr) :103.0
Numero di pacchetti prt gestiti (Nr) :103
Numero di pacchetti dati gestiti (Nr) :0
Percentuale di OverHead (%) :100.0
Delay medio pkt protocollo (ms) :0.0 
2017-05-16 15:10:32,778  INFO   [waveNetLayer] statistiche del network layer 
2017-05-16 15:10:32,778  INFO   [waveNetLayer] 
--->Statistiche network Layer
Tipo Nodo nodo_host
Id del Nodo 1027
Numero di pacchetti totali gestiti (Nr) :306.0
Numero di pacchetti prt gestiti (Nr) :306
Numero di pacchetti dati gestiti (Nr) :0
Percentuale di OverHead (%) :100.0
Delay medio pkt protocollo (ms) :0.0 
2017-05-16 15:10:32,778  INFO   [waveNetLayer] statistiche del network layer 
2017-05-16 15:10:32,778  INFO   [waveNetLayer] 
--->Statistiche network Layer
Tipo Nodo nodo_host
Id del Nodo 1028
Numero di pacchetti totali gestiti (Nr) :301.0
Numero di pacchetti prt gestiti (Nr) :301
Numero di pacchetti dati gestiti (Nr) :0
Percentuale di OverHead (%) :100.0
Delay medio pkt protocollo (ms) :0.0 
2017-05-16 15:10:32,778  INFO   [waveNetLayer] statistiche del network layer 
2017-05-16 15:10:32,778  INFO   [waveNetLayer] 
--->Statistiche network Layer
Tipo Nodo nodo_host
Id del Nodo 1029
Numero di pacchetti totali gestiti (Nr) :202.0
Numero di pacchetti prt gestiti (Nr) :202
Numero di pacchetti dati gestiti (Nr) :0
Percentuale di OverHead (%) :100.0
Delay medio pkt protocollo (ms) :0.0 
2017-05-16 15:10:32,778  INFO   [scheduler] la simulazione è terminata il : 16/5/2017 ora 15:10:32 
2017-05-16 15:29:08,278  INFO   [scheduler] la simulazione sta per iniziare all'ora 16/5/2017 ora 15:29:8 
2017-05-16 15:34:32,158  INFO   [scheduler] la simulazione sta per iniziare all'ora 16/5/2017 ora 15:34:32 
2017-05-16 15:59:14,625  INFO   [scheduler] la simulazione sta per iniziare all'ora 16/5/2017 ora 15:59:14 
2017-05-16 16:00:34,391  INFO   [scheduler] la simulazione sta per iniziare all'ora 16/5/2017 ora 16:0:34 
2017-05-16 16:25:06,312  INFO   [scheduler] la simulazione sta per iniziare all'ora 16/5/2017 ora 16:25:6 
2017-05-16 16:28:26,585  INFO   [scheduler] la simulazione sta per iniziare all'ora 16/5/2017 ora 16:28:26 
2017-05-16 16:30:58,438  INFO   [scheduler] la simulazione sta per iniziare all'ora 16/5/2017 ora 16:30:58 
2017-05-16 16:33:40,984  INFO   [scheduler] la simulazione sta per iniziare all'ora 16/5/2017 ora 16:33:40 
2017-05-16 16:34:04,881  INFO   [scheduler] la simulazione sta per iniziare all'ora 16/5/2017 ora 16:34:4 
2017-05-16 16:38:35,557  INFO   [scheduler] la simulazione sta per iniziare all'ora 16/5/2017 ora 16:38:35 
2017-05-16 16:40:19,393  INFO   [scheduler] la simulazione sta per iniziare all'ora 16/5/2017 ora 16:40:19 
2017-05-16 16:48:36,301  INFO   [scheduler] la simulazione sta per iniziare all'ora 16/5/2017 ora 16:48:36 
2017-05-16 16:50:03,386  INFO   [scheduler] la simulazione sta per iniziare all'ora 16/5/2017 ora 16:50:3 
2017-05-16 16:50:56,019  INFO   [scheduler] la simulazione sta per iniziare all'ora 16/5/2017 ora 16:50:56 
2017-05-16 16:59:50,923  INFO   [scheduler] la simulazione sta per iniziare all'ora 16/5/2017 ora 16:59:50 
2017-05-16 17:00:34,620  INFO   [scheduler] la simulazione sta per iniziare all'ora 16/5/2017 ora 17:0:34 
2017-05-16 17:03:22,169  INFO   [scheduler] la simulazione sta per iniziare all'ora 16/5/2017 ora 17:3:22 
2017-05-16 17:06:11,231  INFO   [scheduler] la simulazione sta per iniziare all'ora 16/5/2017 ora 17:6:11 
2017-05-16 17:19:14,171  INFO   [scheduler] la simulazione sta per iniziare all'ora 16/5/2017 ora 17:19:14 
2017-05-16 17:20:21,127  INFO   [scheduler] la simulazione sta per iniziare all'ora 16/5/2017 ora 17:20:21 
2017-05-16 17:20:58,496  INFO   [scheduler] la simulazione sta per iniziare all'ora 16/5/2017 ora 17:20:58 
2017-05-24 19:20:35,280  INFO   [scheduler] la simulazione sta per iniziare all'ora 24/5/2017 ora 19:20:35 
2017-05-24 19:21:19,325  INFO   [scheduler] la simulazione sta per iniziare all'ora 24/5/2017 ora 19:21:19 
2017-05-24 19:24:49,720  INFO   [scheduler] la simulazione sta per iniziare all'ora 24/5/2017 ora 19:24:49 
2017-05-24 19:34:21,740  INFO   [scheduler] la simulazione sta per iniziare all'ora 24/5/2017 ora 19:34:21 
2017-05-24 19:35:53,629  INFO   [scheduler] la simulazione sta per iniziare all'ora 24/5/2017 ora 19:35:53 
2017-05-24 19:42:13,554  INFO   [scheduler] la simulazione sta per iniziare all'ora 24/5/2017 ora 19:42:13 
2017-05-24 19:43:39,436  INFO   [scheduler] la simulazione sta per iniziare all'ora 24/5/2017 ora 19:43:39 
2017-05-24 19:45:02,748  INFO   [scheduler] la simulazione sta per iniziare all'ora 24/5/2017 ora 19:45:2 
2017-05-24 19:46:26,719  INFO   [scheduler] la simulazione sta per iniziare all'ora 24/5/2017 ora 19:46:26 
2017-05-24 19:46:54,282  INFO   [scheduler] la simulazione sta per iniziare all'ora 24/5/2017 ora 19:46:54 
2017-05-27 22:36:05,766  INFO   [scheduler] la simulazione sta per iniziare all'ora 27/5/2017 ora 22:36:5 
2017-05-27 22:47:18,378  INFO   [scheduler] la simulazione sta per iniziare all'ora 27/5/2017 ora 22:47:18 
2017-05-27 22:50:22,879  INFO   [scheduler] la simulazione sta per iniziare all'ora 27/5/2017 ora 22:50:22 
2017-05-27 22:56:51,563  INFO   [scheduler] la simulazione sta per iniziare all'ora 27/5/2017 ora 22:56:51 
2017-05-27 23:02:27,587  INFO   [scheduler] la simulazione sta per iniziare all'ora 27/5/2017 ora 23:2:27 
2017-05-28 16:15:37,483  INFO   [scheduler] la simulazione sta per iniziare all'ora 28/5/2017 ora 16:15:37 
2017-05-28 16:18:28,745  INFO   [scheduler] la simulazione sta per iniziare all'ora 28/5/2017 ora 16:18:28 
2017-05-28 16:28:47,391  INFO   [scheduler] la simulazione sta per iniziare all'ora 28/5/2017 ora 16:28:47 
2017-05-28 16:31:24,389  INFO   [scheduler] la simulazione sta per iniziare all'ora 28/5/2017 ora 16:31:24 
2017-05-28 16:37:24,640  INFO   [scheduler] la simulazione sta per iniziare all'ora 28/5/2017 ora 16:37:24 
2017-05-28 16:38:10,850  INFO   [scheduler] la simulazione sta per iniziare all'ora 28/5/2017 ora 16:38:10 
2017-05-28 16:40:49,846  INFO   [scheduler] la simulazione sta per iniziare all'ora 28/5/2017 ora 16:40:49 
2017-05-28 18:25:50,703  INFO   [scheduler] la simulazione sta per iniziare all'ora 28/5/2017 ora 18:25:50 
2017-05-28 19:09:25,869  INFO   [scheduler] la simulazione sta per iniziare all'ora 28/5/2017 ora 19:9:25 
2017-05-28 19:10:51,788  INFO   [scheduler] la simulazione sta per iniziare all'ora 28/5/2017 ora 19:10:51 
2017-05-28 19:12:48,252  INFO   [scheduler] la simulazione sta per iniziare all'ora 28/5/2017 ora 19:12:48 
2017-05-28 19:21:11,952  INFO   [scheduler] la simulazione sta per iniziare all'ora 28/5/2017 ora 19:21:11 
2017-05-28 19:27:00,630  INFO   [scheduler] la simulazione sta per iniziare all'ora 28/5/2017 ora 19:27:0 
2017-05-29 09:06:13,199  INFO   [scheduler] la simulazione sta per iniziare all'ora 29/5/2017 ora 9:6:13 
2017-05-29 09:35:26,663  INFO   [scheduler] la simulazione sta per iniziare all'ora 29/5/2017 ora 9:35:26 
2017-07-05 11:59:50,635  INFO   [scheduler] la simulazione sta per iniziare all'ora 5/7/2017 ora 11:59:50 
2017-07-05 21:51:21,176  INFO   [scheduler] la simulazione sta per iniziare all'ora 5/7/2017 ora 21:51:21 
2017-07-05 21:53:01,354  INFO   [scheduler] la simulazione sta per iniziare all'ora 5/7/2017 ora 21:53:1 
2017-07-05 22:17:53,740  INFO   [scheduler] la simulazione sta per iniziare all'ora 5/7/2017 ora 22:17:53 
2017-07-05 22:33:04,377  INFO   [scheduler] la simulazione sta per iniziare all'ora 5/7/2017 ora 22:33:4 
2017-07-05 22:36:10,449  INFO   [scheduler] la simulazione sta per iniziare all'ora 5/7/2017 ora 22:36:10 
2017-07-05 22:39:00,393  INFO   [scheduler] la simulazione sta per iniziare all'ora 5/7/2017 ora 22:39:0 
2017-07-06 09:27:08,818  INFO   [scheduler] la simulazione sta per iniziare all'ora 6/7/2017 ora 9:27:8 
2017-07-06 09:28:07,416  INFO   [scheduler] la simulazione sta per iniziare all'ora 6/7/2017 ora 9:28:7 
2017-07-06 09:33:29,515  INFO   [scheduler] la simulazione sta per iniziare all'ora 6/7/2017 ora 9:33:29 
2017-07-06 19:31:36,197  INFO   [scheduler] la simulazione sta per iniziare all'ora 6/7/2017 ora 19:31:36 
2017-07-06 19:50:00,484  INFO   [scheduler] la simulazione sta per iniziare all'ora 6/7/2017 ora 19:50:0 
2017-07-06 20:00:40,004  INFO   [scheduler] la simulazione sta per iniziare all'ora 6/7/2017 ora 20:0:40 
2017-07-06 20:03:35,560  INFO   [scheduler] la simulazione sta per iniziare all'ora 6/7/2017 ora 20:3:35 
2017-07-06 20:08:09,850  INFO   [scheduler] la simulazione sta per iniziare all'ora 6/7/2017 ora 20:8:9 
2017-07-06 20:15:19,779  INFO   [scheduler] la simulazione sta per iniziare all'ora 6/7/2017 ora 20:15:19 
2017-07-06 20:15:56,399  INFO   [scheduler] la simulazione sta per iniziare all'ora 6/7/2017 ora 20:15:56 
2017-07-06 20:22:28,194  INFO   [scheduler] la simulazione sta per iniziare all'ora 6/7/2017 ora 20:22:28 
2017-07-06 20:28:23,150  INFO   [scheduler] la simulazione sta per iniziare all'ora 6/7/2017 ora 20:28:23 
